<?xml version="1.0" encoding="UTF-8"?>
<!-- Generated by org.testng.reporters.JUnitReportReporter -->
<testsuite hostname="DESKTOP-8G9HHD4" failures="0" tests="1" name="testngpackagetwo.TestNGClass" time="0.058" errors="0" timestamp="2020-10-14T21:03:00 EET" skipped="0">
  <testcase classname="testngpackagetwo.TestNGClass" name="urlTest" time="0.058"/>
  <system-out/>
</testsuite> <!-- testngpackagetwo.TestNGClass -->
